Build started 17/2/2017 2:42:13 PM.
     1>Project "C:\Users\User\Desktop\SP02\DM2122_Framework\Common\Common.vcxproj" on node 2 (Rebuild target(s)).
     1>ClCompile:
         D:\Program Files (x86)\Microsoft Visual Studio 12.0\VC\bin\CL.exe /c /ZI /nologo /W3 /WX- /Od /Oy- /D WIN32 /D _DEBUG /D _LIB /D _UNICODE /D UNICODE /Gm /EHsc /RTC1 /MDd /GS /fp:precise /Zc:wchar_t /Zc:forScope /Fo"Debug\\" /Fd"Debug\vc120.pdb" /Gd /TP /analyze- /errorReport:prompt Source\MatrixStack.cpp Source\Mtx44.cpp Source\timer.cpp Source\Vector3.cpp
         Vector3.cpp
         timer.cpp
         Mtx44.cpp
     1>c:\users\user\desktop\sp02\dm2122_framework\common\source\mtx44.cpp(504): warning C4244: '+=' : conversion from 'double' to 'float', possible loss of data
     1>c:\users\user\desktop\sp02\dm2122_framework\common\source\mtx44.cpp(509): warning C4244: '+=' : conversion from 'double' to 'float', possible loss of data
     1>c:\users\user\desktop\sp02\dm2122_framework\common\source\mtx44.cpp(510): warning C4244: '+=' : conversion from 'double' to 'float', possible loss of data
         MatrixStack.cpp
         Generating Code...
       Lib:
         D:\Program Files (x86)\Microsoft Visual Studio 12.0\VC\bin\Lib.exe /OUT:"C:\Users\User\Desktop\SP02\DM2122_Framework\Debug\Common.lib" /NOLOGO Debug\MatrixStack.obj
         Debug\Mtx44.obj
         Debug\timer.obj
         Debug\Vector3.obj
         Common.vcxproj -> C:\Users\User\Desktop\SP02\DM2122_Framework\Debug\Common.lib
     1>Done Building Project "C:\Users\User\Desktop\SP02\DM2122_Framework\Common\Common.vcxproj" (Rebuild target(s)).

Build succeeded.

Time Elapsed 00:00:01.82
